<?xml version="1.0" encoding="UTF-8"?>
<testsuite name="TestCases.TodoTest" tests="1" skipped="0" failures="0" errors="0" timestamp="2020-03-28T23:08:19" hostname="SDA-39-mbpro" time="0.003">
  <properties/>
  <testcase name="addTest" classname="TestCases.TodoTest" time="0.003"/>
  <system-out><![CDATA[Inside testPrintMessage()
]]></system-out>
  <system-err><![CDATA[]]></system-err>
</testsuite>
